<?xml version="1.0" encoding="UTF-8"?>
<testng-results skipped="0" failed="0" total="1" passed="1">
  <reporter-output>
  </reporter-output>
  <suite name="Default suite" duration-ms="12805" started-at="2016-05-12T06:18:48Z" finished-at="2016-05-12T06:19:01Z">
    <groups>
    </groups>
    <test name="Default test" duration-ms="12805" started-at="2016-05-12T06:18:48Z" finished-at="2016-05-12T06:19:01Z">
      <class name="com.MyFrameWork.TestingMyScripts.TestScroll">
        <test-method status="PASS" signature="autoriseMail()[pri:0, instance:com.MyFrameWork.TestingMyScripts.TestScroll@1b604f19]" name="autoriseMail" duration-ms="12789" started-at="2016-05-12T11:48:48Z" finished-at="2016-05-12T11:49:01Z">
          <reporter-output>
          </reporter-output>
        </test-method> <!-- autoriseMail -->
      </class> <!-- com.MyFrameWork.TestingMyScripts.TestScroll -->
    </test> <!-- Default test -->
  </suite> <!-- Default suite -->
</testng-results>
